# JRE version: OpenJDK Runtime Environment (8.0_202-b03) (build 1.8.0_202-release-1483-b03)
# Java VM: OpenJDK 64-Bit Server VM (25.202-b03 mixed mode windows-amd64 compressed oops)
Heap:
 PSYoungGen      total 407040K, used 219518K [0x00000000e0000000, 0x00000000ffc00000, 0x0000000100000000)
  eden space 348160K, 53% used [0x00000000e0000000,0x00000000eb705fb8,0x00000000f5400000)
  from space 58880K, 54% used [0x00000000f5400000,0x00000000f7359c40,0x00000000f8d80000)
  to   space 58880K, 0% used [0x00000000fc280000,0x00000000fc280000,0x00000000ffc00000)
 ParOldGen       total 215040K, used 138394K [0x00000000a0000000, 0x00000000ad200000, 0x00000000e0000000)
  object space 215040K, 64% used [0x00000000a0000000,0x00000000a8726958,0x00000000ad200000)
 Metaspace       used 99668K, capacity 104801K, committed 104980K, reserved 1140736K
  class space    used 12551K, capacity 13519K, committed 13628K, reserved 1048576K
GC Heap History (10 events):
Event: 1544.747 GC heap before
{Heap before GC invocations=19 (full 4):
 PSYoungGen      total 314368K, used 31726K [0x00000000e0000000, 0x00000000f9180000, 0x0000000100000000)
  eden space 282624K, 0% used [0x00000000e0000000,0x00000000e0000000,0x00000000f1400000)
  from space 31744K, 99% used [0x00000000f1400000,0x00000000f32fb8e0,0x00000000f3300000)
  to   space 55808K, 0% used [0x00000000f5b00000,0x00000000f5b00000,0x00000000f9180000)
 ParOldGen       total 104448K, used 104427K [0x00000000a0000000, 0x00000000a6600000, 0x00000000e0000000)
  object space 104448K, 99% used [0x00000000a0000000,0x00000000a65facd8,0x00000000a6600000)
 Metaspace       used 85185K, capacity 88903K, committed 89108K, reserved 1126400K
  class space    used 10751K, capacity 11530K, committed 11580K, reserved 1048576K
Event: 1546.171 GC heap after
Heap after GC invocations=19 (full 4):
 PSYoungGen      total 314368K, used 15646K [0x00000000e0000000, 0x00000000f9180000, 0x0000000100000000)
  eden space 282624K, 0% used [0x00000000e0000000,0x00000000e0000000,0x00000000f1400000)
  from space 31744K, 49% used [0x00000000f1400000,0x00000000f2347aa0,0x00000000f3300000)
  to   space 55808K, 0% used [0x00000000f5b00000,0x00000000f5b00000,0x00000000f9180000)
 ParOldGen       total 215040K, used 104075K [0x00000000a0000000, 0x00000000ad200000, 0x00000000e0000000)
  object space 215040K, 48% used [0x00000000a0000000,0x00000000a65a2f40,0x00000000ad200000)
 Metaspace       used 85115K, capacity 88711K, committed 89108K, reserved 1126400K
  class space    used 10730K, capacity 11466K, committed 11580K, reserved 1048576K
}
Event: 1553.209 GC heap before
{Heap before GC invocations=20 (full 4):
 PSYoungGen      total 314368K, used 298270K [0x00000000e0000000, 0x00000000f9180000, 0x0000000100000000)
  eden space 282624K, 100% used [0x00000000e0000000,0x00000000f1400000,0x00000000f1400000)
  from space 31744K, 49% used [0x00000000f1400000,0x00000000f2347aa0,0x00000000f3300000)
  to   space 55808K, 0% used [0x00000000f5b00000,0x00000000f5b00000,0x00000000f9180000)
 ParOldGen       total 215040K, used 104075K [0x00000000a0000000, 0x00000000ad200000, 0x00000000e0000000)
  object space 215040K, 48% used [0x00000000a0000000,0x00000000a65a2f40,0x00000000ad200000)
 Metaspace       used 94783K, capacity 99111K, committed 99476K, reserved 1136640K
  class space    used 12058K, capacity 12898K, committed 12988K, reserved 1048576K
Event: 1553.409 GC heap after
Heap after GC invocations=20 (full 4):
 PSYoungGen      total 349696K, used 44256K [0x00000000e0000000, 0x00000000fe500000, 0x0000000100000000)
  eden space 293888K, 0% used [0x00000000e0000000,0x00000000e0000000,0x00000000f1f00000)
  from space 55808K, 79% used [0x00000000f5b00000,0x00000000f8638038,0x00000000f9180000)
  to   space 61440K, 0% used [0x00000000f1f00000,0x00000000f1f00000,0x00000000f5b00000)
 ParOldGen       total 215040K, used 106472K [0x00000000a0000000, 0x00000000ad200000, 0x00000000e0000000)
  object space 215040K, 49% used [0x00000000a0000000,0x00000000a67fa2f8,0x00000000ad200000)
 Metaspace       used 94783K, capacity 99111K, committed 99476K, reserved 1136640K
  class space    used 12058K, capacity 12898K, committed 12988K, reserved 1048576K
}
Event: 1609.816 GC heap before
{Heap before GC invocations=21 (full 4):
 PSYoungGen      total 349696K, used 335874K [0x00000000e0000000, 0x00000000fe500000, 0x0000000100000000)
  eden space 293888K, 99% used [0x00000000e0000000,0x00000000f1cc8940,0x00000000f1f00000)
  from space 55808K, 79% used [0x00000000f5b00000,0x00000000f8638038,0x00000000f9180000)
  to   space 61440K, 0% used [0x00000000f1f00000,0x00000000f1f00000,0x00000000f5b00000)
 ParOldGen       total 215040K, used 106472K [0x00000000a0000000, 0x00000000ad200000, 0x00000000e0000000)
  object space 215040K, 49% used [0x00000000a0000000,0x00000000a67fa2f8,0x00000000ad200000)
 Metaspace       used 96710K, capacity 101407K, committed 101524K, reserved 1138688K
  class space    used 12327K, capacity 13244K, committed 13244K, reserved 1048576K
Event: 1609.973 GC heap after
Heap after GC invocations=21 (full 4):
 PSYoungGen      total 355328K, used 28073K [0x00000000e0000000, 0x00000000fcb00000, 0x0000000100000000)
  eden space 293888K, 0% used [0x00000000e0000000,0x00000000e0000000,0x00000000f1f00000)
  from space 61440K, 45% used [0x00000000f1f00000,0x00000000f3a6a688,0x00000000f5b00000)
  to   space 59904K, 0% used [0x00000000f9080000,0x00000000f9080000,0x00000000fcb00000)
 ParOldGen       total 215040K, used 126852K [0x00000000a0000000, 0x00000000ad200000, 0x00000000e0000000)
  object space 215040K, 58% used [0x00000000a0000000,0x00000000a7be1030,0x00000000ad200000)
 Metaspace       used 96710K, capacity 101407K, committed 101524K, reserved 1138688K
  class space    used 12327K, capacity 13244K, committed 13244K, reserved 1048576K
}
Event: 1616.192 GC heap before
{Heap before GC invocations=22 (full 4):
 PSYoungGen      total 355328K, used 321961K [0x00000000e0000000, 0x00000000fcb00000, 0x0000000100000000)
  eden space 293888K, 100% used [0x00000000e0000000,0x00000000f1f00000,0x00000000f1f00000)
  from space 61440K, 45% used [0x00000000f1f00000,0x00000000f3a6a688,0x00000000f5b00000)
  to   space 59904K, 0% used [0x00000000f9080000,0x00000000f9080000,0x00000000fcb00000)
 ParOldGen       total 215040K, used 126852K [0x00000000a0000000, 0x00000000ad200000, 0x00000000e0000000)
  object space 215040K, 58% used [0x00000000a0000000,0x00000000a7be1030,0x00000000ad200000)
 Metaspace       used 97883K, capacity 102583K, committed 102932K, reserved 1138688K
  class space    used 12419K, capacity 13312K, committed 13372K, reserved 1048576K
Event: 1616.244 GC heap after
Heap after GC invocations=22 (full 4):
 PSYoungGen      total 403968K, used 6640K [0x00000000e0000000, 0x00000000fc700000, 0x0000000100000000)
  eden space 348160K, 0% used [0x00000000e0000000,0x00000000e0000000,0x00000000f5400000)
  from space 55808K, 11% used [0x00000000f9080000,0x00000000f96fc338,0x00000000fc700000)
  to   space 58880K, 0% used [0x00000000f5400000,0x00000000f5400000,0x00000000f8d80000)
 ParOldGen       total 215040K, used 138386K [0x00000000a0000000, 0x00000000ad200000, 0x00000000e0000000)
  object space 215040K, 64% used [0x00000000a0000000,0x00000000a8724958,0x00000000ad200000)
 Metaspace       used 97883K, capacity 102583K, committed 102932K, reserved 1138688K
  class space    used 12419K, capacity 13312K, committed 13372K, reserved 1048576K
}
Event: 1819.018 GC heap before
{Heap before GC invocations=23 (full 4):
 PSYoungGen      total 403968K, used 354800K [0x00000000e0000000, 0x00000000fc700000, 0x0000000100000000)
  eden space 348160K, 100% used [0x00000000e0000000,0x00000000f5400000,0x00000000f5400000)
  from space 55808K, 11% used [0x00000000f9080000,0x00000000f96fc338,0x00000000fc700000)
  to   space 58880K, 0% used [0x00000000f5400000,0x00000000f5400000,0x00000000f8d80000)
 ParOldGen       total 215040K, used 138386K [0x00000000a0000000, 0x00000000ad200000, 0x00000000e0000000)
  object space 215040K, 64% used [0x00000000a0000000,0x00000000a8724958,0x00000000ad200000)
 Metaspace       used 99483K, capacity 104491K, committed 104596K, reserved 1140736K
  class space    used 12541K, capacity 13500K, committed 13500K, reserved 1048576K
Event: 1819.100 GC heap after
Heap after GC invocations=23 (full 4):
 PSYoungGen      total 407040K, used 32103K [0x00000000e0000000, 0x00000000ffc00000, 0x0000000100000000)
  eden space 348160K, 0% used [0x00000000e0000000,0x00000000e0000000,0x00000000f5400000)
  from space 58880K, 54% used [0x00000000f5400000,0x00000000f7359c40,0x00000000f8d80000)
  to   space 58880K, 0% used [0x00000000fc280000,0x00000000fc280000,0x00000000ffc00000)
 ParOldGen       total 215040K, used 138394K [0x00000000a0000000, 0x00000000ad200000, 0x00000000e0000000)
  object space 215040K, 64% used [0x00000000a0000000,0x00000000a8726958,0x00000000ad200000)
 Metaspace       used 99483K, capacity 104491K, committed 104596K, reserved 1140736K
  class space    used 12541K, capacity 13500K, committed 13500K, reserved 1048576K
}

