# JRE version: OpenJDK Runtime Environment (8.0_202-b03) (build 1.8.0_202-release-1483-b03)
# Java VM: OpenJDK 64-Bit Server VM (25.202-b03 mixed mode windows-amd64 compressed oops)
Heap:
 PSYoungGen      total 183296K, used 116792K [0x00000000e0000000, 0x00000000ed500000, 0x0000000100000000)
  eden space 171008K, 68% used [0x00000000e0000000,0x00000000e720e348,0x00000000ea700000)
  from space 12288K, 0% used [0x00000000ebd00000,0x00000000ebd00000,0x00000000ec900000)
  to   space 10752K, 0% used [0x00000000eca80000,0x00000000eca80000,0x00000000ed500000)
 ParOldGen       total 46592K, used 20197K [0x00000000a0000000, 0x00000000a2d80000, 0x00000000e0000000)
  object space 46592K, 43% used [0x00000000a0000000,0x00000000a13b9510,0x00000000a2d80000)
 Metaspace       used 45032K, capacity 45980K, committed 46296K, reserved 1089536K
  class space    used 6079K, capacity 6357K, committed 6400K, reserved 1048576K
GC Heap History (10 events):
Event: 38.586 GC heap before
{Heap before GC invocations=5 (full 0):
 PSYoungGen      total 101888K, used 30112K [0x00000000e0000000, 0x00000000e6700000, 0x0000000100000000)
  eden space 98304K, 27% used [0x00000000e0000000,0x00000000e19ec138,0x00000000e6000000)
  from space 3584K, 99% used [0x00000000e6380000,0x00000000e66fc030,0x00000000e6700000)
  to   space 3584K, 0% used [0x00000000e6000000,0x00000000e6000000,0x00000000e6380000)
 ParOldGen       total 64512K, used 9829K [0x00000000a0000000, 0x00000000a3f00000, 0x00000000e0000000)
  object space 64512K, 15% used [0x00000000a0000000,0x00000000a0999638,0x00000000a3f00000)
 Metaspace       used 20750K, capacity 21072K, committed 21248K, reserved 1067008K
  class space    used 2864K, capacity 3030K, committed 3072K, reserved 1048576K
Event: 38.642 GC heap after
Heap after GC invocations=5 (full 0):
 PSYoungGen      total 101888K, used 3556K [0x00000000e0000000, 0x00000000ed500000, 0x0000000100000000)
  eden space 98304K, 0% used [0x00000000e0000000,0x00000000e0000000,0x00000000e6000000)
  from space 3584K, 99% used [0x00000000e6000000,0x00000000e6379050,0x00000000e6380000)
  to   space 10752K, 0% used [0x00000000eca80000,0x00000000eca80000,0x00000000ed500000)
 ParOldGen       total 64512K, used 13275K [0x00000000a0000000, 0x00000000a3f00000, 0x00000000e0000000)
  object space 64512K, 20% used [0x00000000a0000000,0x00000000a0cf6db8,0x00000000a3f00000)
 Metaspace       used 20750K, capacity 21072K, committed 21248K, reserved 1067008K
  class space    used 2864K, capacity 3030K, committed 3072K, reserved 1048576K
}
Event: 38.642 GC heap before
{Heap before GC invocations=6 (full 1):
 PSYoungGen      total 101888K, used 3556K [0x00000000e0000000, 0x00000000ed500000, 0x0000000100000000)
  eden space 98304K, 0% used [0x00000000e0000000,0x00000000e0000000,0x00000000e6000000)
  from space 3584K, 99% used [0x00000000e6000000,0x00000000e6379050,0x00000000e6380000)
  to   space 10752K, 0% used [0x00000000eca80000,0x00000000eca80000,0x00000000ed500000)
 ParOldGen       total 64512K, used 13275K [0x00000000a0000000, 0x00000000a3f00000, 0x00000000e0000000)
  object space 64512K, 20% used [0x00000000a0000000,0x00000000a0cf6db8,0x00000000a3f00000)
 Metaspace       used 20750K, capacity 21072K, committed 21248K, reserved 1067008K
  class space    used 2864K, capacity 3030K, committed 3072K, reserved 1048576K
Event: 38.809 GC heap after
Heap after GC invocations=6 (full 1):
 PSYoungGen      total 101888K, used 0K [0x00000000e0000000, 0x00000000ed500000, 0x0000000100000000)
  eden space 98304K, 0% used [0x00000000e0000000,0x00000000e0000000,0x00000000e6000000)
  from space 3584K, 0% used [0x00000000e6000000,0x00000000e6000000,0x00000000e6380000)
  to   space 10752K, 0% used [0x00000000eca80000,0x00000000eca80000,0x00000000ed500000)
 ParOldGen       total 46592K, used 8967K [0x00000000a0000000, 0x00000000a2d80000, 0x00000000e0000000)
  object space 46592K, 19% used [0x00000000a0000000,0x00000000a08c1fa8,0x00000000a2d80000)
 Metaspace       used 20750K, capacity 21072K, committed 21248K, reserved 1067008K
  class space    used 2864K, capacity 3030K, committed 3072K, reserved 1048576K
}
Event: 44.711 GC heap before
{Heap before GC invocations=7 (full 1):
 PSYoungGen      total 101888K, used 98304K [0x00000000e0000000, 0x00000000ed500000, 0x0000000100000000)
  eden space 98304K, 100% used [0x00000000e0000000,0x00000000e6000000,0x00000000e6000000)
  from space 3584K, 0% used [0x00000000e6000000,0x00000000e6000000,0x00000000e6380000)
  to   space 10752K, 0% used [0x00000000eca80000,0x00000000eca80000,0x00000000ed500000)
 ParOldGen       total 46592K, used 8967K [0x00000000a0000000, 0x00000000a2d80000, 0x00000000e0000000)
  object space 46592K, 19% used [0x00000000a0000000,0x00000000a08c1fa8,0x00000000a2d80000)
 Metaspace       used 29649K, capacity 30114K, committed 30336K, reserved 1075200K
  class space    used 4017K, capacity 4178K, committed 4224K, reserved 1048576K
Event: 44.756 GC heap after
Heap after GC invocations=7 (full 1):
 PSYoungGen      total 181760K, used 10345K [0x00000000e0000000, 0x00000000ed500000, 0x0000000100000000)
  eden space 171008K, 0% used [0x00000000e0000000,0x00000000e0000000,0x00000000ea700000)
  from space 10752K, 96% used [0x00000000eca80000,0x00000000ed49a578,0x00000000ed500000)
  to   space 12288K, 0% used [0x00000000ebd00000,0x00000000ebd00000,0x00000000ec900000)
 ParOldGen       total 46592K, used 8975K [0x00000000a0000000, 0x00000000a2d80000, 0x00000000e0000000)
  object space 46592K, 19% used [0x00000000a0000000,0x00000000a08c3fa8,0x00000000a2d80000)
 Metaspace       used 29649K, capacity 30114K, committed 30336K, reserved 1075200K
  class space    used 4017K, capacity 4178K, committed 4224K, reserved 1048576K
}
Event: 50.029 GC heap before
{Heap before GC invocations=8 (full 1):
 PSYoungGen      total 181760K, used 103952K [0x00000000e0000000, 0x00000000ed500000, 0x0000000100000000)
  eden space 171008K, 54% used [0x00000000e0000000,0x00000000e5b69ba0,0x00000000ea700000)
  from space 10752K, 96% used [0x00000000eca80000,0x00000000ed49a578,0x00000000ed500000)
  to   space 12288K, 0% used [0x00000000ebd00000,0x00000000ebd00000,0x00000000ec900000)
 ParOldGen       total 46592K, used 8975K [0x00000000a0000000, 0x00000000a2d80000, 0x00000000e0000000)
  object space 46592K, 19% used [0x00000000a0000000,0x00000000a08c3fa8,0x00000000a2d80000)
 Metaspace       used 34480K, capacity 35162K, committed 35416K, reserved 1079296K
  class space    used 4750K, capacity 4968K, committed 4992K, reserved 1048576K
Event: 50.102 GC heap after
Heap after GC invocations=8 (full 1):
 PSYoungGen      total 183296K, used 12261K [0x00000000e0000000, 0x00000000ed500000, 0x0000000100000000)
  eden space 171008K, 0% used [0x00000000e0000000,0x00000000e0000000,0x00000000ea700000)
  from space 12288K, 99% used [0x00000000ebd00000,0x00000000ec8f94a8,0x00000000ec900000)
  to   space 10752K, 0% used [0x00000000eca80000,0x00000000eca80000,0x00000000ed500000)
 ParOldGen       total 46592K, used 10486K [0x00000000a0000000, 0x00000000a2d80000, 0x00000000e0000000)
  object space 46592K, 22% used [0x00000000a0000000,0x00000000a0a3db20,0x00000000a2d80000)
 Metaspace       used 34480K, capacity 35162K, committed 35416K, reserved 1079296K
  class space    used 4750K, capacity 4968K, committed 4992K, reserved 1048576K
}
Event: 50.102 GC heap before
{Heap before GC invocations=9 (full 2):
 PSYoungGen      total 183296K, used 12261K [0x00000000e0000000, 0x00000000ed500000, 0x0000000100000000)
  eden space 171008K, 0% used [0x00000000e0000000,0x00000000e0000000,0x00000000ea700000)
  from space 12288K, 99% used [0x00000000ebd00000,0x00000000ec8f94a8,0x00000000ec900000)
  to   space 10752K, 0% used [0x00000000eca80000,0x00000000eca80000,0x00000000ed500000)
 ParOldGen       total 46592K, used 10486K [0x00000000a0000000, 0x00000000a2d80000, 0x00000000e0000000)
  object space 46592K, 22% used [0x00000000a0000000,0x00000000a0a3db20,0x00000000a2d80000)
 Metaspace       used 34480K, capacity 35162K, committed 35416K, reserved 1079296K
  class space    used 4750K, capacity 4968K, committed 4992K, reserved 1048576K
Event: 50.587 GC heap after
Heap after GC invocations=9 (full 2):
 PSYoungGen      total 183296K, used 0K [0x00000000e0000000, 0x00000000ed500000, 0x0000000100000000)
  eden space 171008K, 0% used [0x00000000e0000000,0x00000000e0000000,0x00000000ea700000)
  from space 12288K, 0% used [0x00000000ebd00000,0x00000000ebd00000,0x00000000ec900000)
  to   space 10752K, 0% used [0x00000000eca80000,0x00000000eca80000,0x00000000ed500000)
 ParOldGen       total 46592K, used 20197K [0x00000000a0000000, 0x00000000a2d80000, 0x00000000e0000000)
  object space 46592K, 43% used [0x00000000a0000000,0x00000000a13b9510,0x00000000a2d80000)
 Metaspace       used 34469K, capacity 35126K, committed 35416K, reserved 1079296K
  class space    used 4747K, capacity 4962K, committed 4992K, reserved 1048576K
}

