# JRE version: OpenJDK Runtime Environment (8.0_202-b03) (build 1.8.0_202-release-1483-b03)
# Java VM: OpenJDK 64-Bit Server VM (25.202-b03 mixed mode windows-amd64 compressed oops)
Heap:
 PSYoungGen      total 335872K, used 286169K [0x00000000e0000000, 0x00000000f8300000, 0x0000000100000000)
  eden space 299520K, 83% used [0x00000000e0000000,0x00000000ef3f7530,0x00000000f2480000)
  from space 36352K, 99% used [0x00000000f5f80000,0x00000000f82ff1e0,0x00000000f8300000)
  to   space 24064K, 0% used [0x00000000f2480000,0x00000000f2480000,0x00000000f3c00000)
 ParOldGen       total 165888K, used 109386K [0x00000000a0000000, 0x00000000aa200000, 0x00000000e0000000)
  object space 165888K, 65% used [0x00000000a0000000,0x00000000a6ad2b00,0x00000000aa200000)
 Metaspace       used 101229K, capacity 104422K, committed 104536K, reserved 1140736K
  class space    used 12642K, capacity 13338K, committed 13440K, reserved 1048576K
GC Heap History (10 events):
Event: 161.678 GC heap before
{Heap before GC invocations=26 (full 3):
 PSYoungGen      total 296960K, used 284171K [0x00000000e0000000, 0x00000000f3c80000, 0x0000000100000000)
  eden space 273920K, 100% used [0x00000000e0000000,0x00000000f0b80000,0x00000000f0b80000)
  from space 23040K, 44% used [0x00000000f2600000,0x00000000f3002ef0,0x00000000f3c80000)
  to   space 25088K, 0% used [0x00000000f0b80000,0x00000000f0b80000,0x00000000f2400000)
 ParOldGen       total 83968K, used 58941K [0x00000000a0000000, 0x00000000a5200000, 0x00000000e0000000)
  object space 83968K, 70% used [0x00000000a0000000,0x00000000a398f6b8,0x00000000a5200000)
 Metaspace       used 88600K, capacity 91572K, committed 91608K, reserved 1128448K
  class space    used 11296K, capacity 12009K, committed 12032K, reserved 1048576K
Event: 161.718 GC heap after
Heap after GC invocations=26 (full 3):
 PSYoungGen      total 299008K, used 14385K [0x00000000e0000000, 0x00000000f5980000, 0x0000000100000000)
  eden space 273920K, 0% used [0x00000000e0000000,0x00000000e0000000,0x00000000f0b80000)
  from space 25088K, 57% used [0x00000000f0b80000,0x00000000f198c408,0x00000000f2400000)
  to   space 25088K, 0% used [0x00000000f4100000,0x00000000f4100000,0x00000000f5980000)
 ParOldGen       total 83968K, used 58949K [0x00000000a0000000, 0x00000000a5200000, 0x00000000e0000000)
  object space 83968K, 70% used [0x00000000a0000000,0x00000000a39916b8,0x00000000a5200000)
 Metaspace       used 88600K, capacity 91572K, committed 91608K, reserved 1128448K
  class space    used 11296K, capacity 12009K, committed 12032K, reserved 1048576K
}
Event: 172.857 GC heap before
{Heap before GC invocations=27 (full 3):
 PSYoungGen      total 299008K, used 288305K [0x00000000e0000000, 0x00000000f5980000, 0x0000000100000000)
  eden space 273920K, 100% used [0x00000000e0000000,0x00000000f0b80000,0x00000000f0b80000)
  from space 25088K, 57% used [0x00000000f0b80000,0x00000000f198c408,0x00000000f2400000)
  to   space 25088K, 0% used [0x00000000f4100000,0x00000000f4100000,0x00000000f5980000)
 ParOldGen       total 83968K, used 58949K [0x00000000a0000000, 0x00000000a5200000, 0x00000000e0000000)
  object space 83968K, 70% used [0x00000000a0000000,0x00000000a39916b8,0x00000000a5200000)
 Metaspace       used 89903K, capacity 92926K, committed 93016K, reserved 1130496K
  class space    used 11412K, capacity 12114K, committed 12160K, reserved 1048576K
Event: 172.890 GC heap after
Heap after GC invocations=27 (full 3):
 PSYoungGen      total 318464K, used 8924K [0x00000000e0000000, 0x00000000f5380000, 0x0000000100000000)
  eden space 299520K, 0% used [0x00000000e0000000,0x00000000e0000000,0x00000000f2480000)
  from space 18944K, 47% used [0x00000000f4100000,0x00000000f49b70e0,0x00000000f5380000)
  to   space 24064K, 0% used [0x00000000f2480000,0x00000000f2480000,0x00000000f3c00000)
 ParOldGen       total 83968K, used 58957K [0x00000000a0000000, 0x00000000a5200000, 0x00000000e0000000)
  object space 83968K, 70% used [0x00000000a0000000,0x00000000a39936b8,0x00000000a5200000)
 Metaspace       used 89903K, capacity 92926K, committed 93016K, reserved 1130496K
  class space    used 11412K, capacity 12114K, committed 12160K, reserved 1048576K
}
Event: 179.842 GC heap before
{Heap before GC invocations=28 (full 3):
 PSYoungGen      total 318464K, used 284529K [0x00000000e0000000, 0x00000000f5380000, 0x0000000100000000)
  eden space 299520K, 92% used [0x00000000e0000000,0x00000000f0d25548,0x00000000f2480000)
  from space 18944K, 47% used [0x00000000f4100000,0x00000000f49b70e0,0x00000000f5380000)
  to   space 24064K, 0% used [0x00000000f2480000,0x00000000f2480000,0x00000000f3c00000)
 ParOldGen       total 83968K, used 58957K [0x00000000a0000000, 0x00000000a5200000, 0x00000000e0000000)
  object space 83968K, 70% used [0x00000000a0000000,0x00000000a39936b8,0x00000000a5200000)
 Metaspace       used 95157K, capacity 98192K, committed 98380K, reserved 1134592K
  class space    used 12012K, capacity 12699K, committed 12800K, reserved 1048576K
Event: 179.948 GC heap after
Heap after GC invocations=28 (full 3):
 PSYoungGen      total 323584K, used 24050K [0x00000000e0000000, 0x00000000f8300000, 0x0000000100000000)
  eden space 299520K, 0% used [0x00000000e0000000,0x00000000e0000000,0x00000000f2480000)
  from space 24064K, 99% used [0x00000000f2480000,0x00000000f3bfca98,0x00000000f3c00000)
  to   space 36352K, 0% used [0x00000000f5f80000,0x00000000f5f80000,0x00000000f8300000)
 ParOldGen       total 83968K, used 82473K [0x00000000a0000000, 0x00000000a5200000, 0x00000000e0000000)
  object space 83968K, 98% used [0x00000000a0000000,0x00000000a508a6e0,0x00000000a5200000)
 Metaspace       used 95157K, capacity 98192K, committed 98380K, reserved 1134592K
  class space    used 12012K, capacity 12699K, committed 12800K, reserved 1048576K
}
Event: 179.948 GC heap before
{Heap before GC invocations=29 (full 4):
 PSYoungGen      total 323584K, used 24050K [0x00000000e0000000, 0x00000000f8300000, 0x0000000100000000)
  eden space 299520K, 0% used [0x00000000e0000000,0x00000000e0000000,0x00000000f2480000)
  from space 24064K, 99% used [0x00000000f2480000,0x00000000f3bfca98,0x00000000f3c00000)
  to   space 36352K, 0% used [0x00000000f5f80000,0x00000000f5f80000,0x00000000f8300000)
 ParOldGen       total 83968K, used 82473K [0x00000000a0000000, 0x00000000a5200000, 0x00000000e0000000)
  object space 83968K, 98% used [0x00000000a0000000,0x00000000a508a6e0,0x00000000a5200000)
 Metaspace       used 95157K, capacity 98192K, committed 98380K, reserved 1134592K
  class space    used 12012K, capacity 12699K, committed 12800K, reserved 1048576K
Event: 181.385 GC heap after
Heap after GC invocations=29 (full 4):
 PSYoungGen      total 323584K, used 13196K [0x00000000e0000000, 0x00000000f8300000, 0x0000000100000000)
  eden space 299520K, 0% used [0x00000000e0000000,0x00000000e0000000,0x00000000f2480000)
  from space 24064K, 54% used [0x00000000f2480000,0x00000000f3163180,0x00000000f3c00000)
  to   space 36352K, 0% used [0x00000000f5f80000,0x00000000f5f80000,0x00000000f8300000)
 ParOldGen       total 165888K, used 82781K [0x00000000a0000000, 0x00000000aa200000, 0x00000000e0000000)
  object space 165888K, 49% used [0x00000000a0000000,0x00000000a50d7518,0x00000000aa200000)
 Metaspace       used 95084K, capacity 98020K, committed 98380K, reserved 1134592K
  class space    used 11991K, capacity 12645K, committed 12800K, reserved 1048576K
}
Event: 191.953 GC heap before
{Heap before GC invocations=30 (full 4):
 PSYoungGen      total 323584K, used 312716K [0x00000000e0000000, 0x00000000f8300000, 0x0000000100000000)
  eden space 299520K, 100% used [0x00000000e0000000,0x00000000f2480000,0x00000000f2480000)
  from space 24064K, 54% used [0x00000000f2480000,0x00000000f3163180,0x00000000f3c00000)
  to   space 36352K, 0% used [0x00000000f5f80000,0x00000000f5f80000,0x00000000f8300000)
 ParOldGen       total 165888K, used 82781K [0x00000000a0000000, 0x00000000aa200000, 0x00000000e0000000)
  object space 165888K, 49% used [0x00000000a0000000,0x00000000a50d7518,0x00000000aa200000)
 Metaspace       used 98671K, capacity 101680K, committed 101848K, reserved 1138688K
  class space    used 12296K, capacity 12967K, committed 13056K, reserved 1048576K
Event: 192.235 GC heap after
Heap after GC invocations=30 (full 4):
 PSYoungGen      total 335872K, used 36348K [0x00000000e0000000, 0x00000000f8300000, 0x0000000100000000)
  eden space 299520K, 0% used [0x00000000e0000000,0x00000000e0000000,0x00000000f2480000)
  from space 36352K, 99% used [0x00000000f5f80000,0x00000000f82ff1e0,0x00000000f8300000)
  to   space 24064K, 0% used [0x00000000f2480000,0x00000000f2480000,0x00000000f3c00000)
 ParOldGen       total 165888K, used 109386K [0x00000000a0000000, 0x00000000aa200000, 0x00000000e0000000)
  object space 165888K, 65% used [0x00000000a0000000,0x00000000a6ad2b00,0x00000000aa200000)
 Metaspace       used 98671K, capacity 101680K, committed 101848K, reserved 1138688K
  class space    used 12296K, capacity 12967K, committed 13056K, reserved 1048576K
}

