# JRE version: OpenJDK Runtime Environment (8.0_202-b03) (build 1.8.0_202-release-1483-b03)
# Java VM: OpenJDK 64-Bit Server VM (25.202-b03 mixed mode windows-amd64 compressed oops)
Heap:
 PSYoungGen      total 343552K, used 89842K [0x00000000e0000000, 0x00000000feb80000, 0x0000000100000000)
  eden space 226304K, 2% used [0x00000000e0000000,0x00000000e0588348,0x00000000edd00000)
  from space 117248K, 71% used [0x00000000edd00000,0x00000000f2f34750,0x00000000f4f80000)
  to   space 124928K, 0% used [0x00000000f7180000,0x00000000f7180000,0x00000000feb80000)
 ParOldGen       total 117760K, used 80838K [0x00000000a0000000, 0x00000000a7300000, 0x00000000e0000000)
  object space 117760K, 68% used [0x00000000a0000000,0x00000000a4ef1a28,0x00000000a7300000)
 Metaspace       used 102503K, capacity 107614K, committed 107992K, reserved 1142784K
  class space    used 12654K, capacity 13683K, committed 13824K, reserved 1048576K
GC Heap History (10 events):
Event: 3789.097 GC heap before
{Heap before GC invocations=43 (full 4):
 PSYoungGen      total 287232K, used 203108K [0x00000000e0000000, 0x00000000f7e80000, 0x0000000100000000)
  eden space 189952K, 100% used [0x00000000e0000000,0x00000000eb980000,0x00000000eb980000)
  from space 97280K, 13% used [0x00000000f1f80000,0x00000000f2c59168,0x00000000f7e80000)
  to   space 100864K, 0% used [0x00000000eb980000,0x00000000eb980000,0x00000000f1c00000)
 ParOldGen       total 117760K, used 80780K [0x00000000a0000000, 0x00000000a7300000, 0x00000000e0000000)
  object space 117760K, 68% used [0x00000000a0000000,0x00000000a4ee3200,0x00000000a7300000)
 Metaspace       used 99257K, capacity 103696K, committed 103896K, reserved 1140736K
  class space    used 12268K, capacity 13144K, committed 13312K, reserved 1048576K
Event: 3789.137 GC heap after
Heap after GC invocations=43 (full 4):
 PSYoungGen      total 290816K, used 19867K [0x00000000e0000000, 0x00000000f8e80000, 0x0000000100000000)
  eden space 189952K, 0% used [0x00000000e0000000,0x00000000e0000000,0x00000000eb980000)
  from space 100864K, 19% used [0x00000000eb980000,0x00000000ecce6f90,0x00000000f1c00000)
  to   space 97280K, 0% used [0x00000000f2f80000,0x00000000f2f80000,0x00000000f8e80000)
 ParOldGen       total 117760K, used 80788K [0x00000000a0000000, 0x00000000a7300000, 0x00000000e0000000)
  object space 117760K, 68% used [0x00000000a0000000,0x00000000a4ee5200,0x00000000a7300000)
 Metaspace       used 99257K, capacity 103696K, committed 103896K, reserved 1140736K
  class space    used 12268K, capacity 13144K, committed 13312K, reserved 1048576K
}
Event: 4349.816 GC heap before
{Heap before GC invocations=44 (full 4):
 PSYoungGen      total 290816K, used 209819K [0x00000000e0000000, 0x00000000f8e80000, 0x0000000100000000)
  eden space 189952K, 100% used [0x00000000e0000000,0x00000000eb980000,0x00000000eb980000)
  from space 100864K, 19% used [0x00000000eb980000,0x00000000ecce6f90,0x00000000f1c00000)
  to   space 97280K, 0% used [0x00000000f2f80000,0x00000000f2f80000,0x00000000f8e80000)
 ParOldGen       total 117760K, used 80798K [0x00000000a0000000, 0x00000000a7300000, 0x00000000e0000000)
  object space 117760K, 68% used [0x00000000a0000000,0x00000000a4ee7a28,0x00000000a7300000)
 Metaspace       used 100690K, capacity 105436K, committed 105688K, reserved 1140736K
  class space    used 12480K, capacity 13434K, committed 13568K, reserved 1048576K
Event: 4349.872 GC heap after
Heap after GC invocations=44 (full 4):
 PSYoungGen      total 296448K, used 22252K [0x00000000e0000000, 0x00000000f8400000, 0x0000000100000000)
  eden space 209920K, 0% used [0x00000000e0000000,0x00000000e0000000,0x00000000ecd00000)
  from space 86528K, 25% used [0x00000000f2f80000,0x00000000f453b060,0x00000000f8400000)
  to   space 93696K, 0% used [0x00000000ecd00000,0x00000000ecd00000,0x00000000f2880000)
 ParOldGen       total 117760K, used 80814K [0x00000000a0000000, 0x00000000a7300000, 0x00000000e0000000)
  object space 117760K, 68% used [0x00000000a0000000,0x00000000a4eeba28,0x00000000a7300000)
 Metaspace       used 100690K, capacity 105436K, committed 105688K, reserved 1140736K
  class space    used 12480K, capacity 13434K, committed 13568K, reserved 1048576K
}
Event: 4352.519 GC heap before
{Heap before GC invocations=45 (full 4):
 PSYoungGen      total 296448K, used 232172K [0x00000000e0000000, 0x00000000f8400000, 0x0000000100000000)
  eden space 209920K, 100% used [0x00000000e0000000,0x00000000ecd00000,0x00000000ecd00000)
  from space 86528K, 25% used [0x00000000f2f80000,0x00000000f453b060,0x00000000f8400000)
  to   space 93696K, 0% used [0x00000000ecd00000,0x00000000ecd00000,0x00000000f2880000)
 ParOldGen       total 117760K, used 80814K [0x00000000a0000000, 0x00000000a7300000, 0x00000000e0000000)
  object space 117760K, 68% used [0x00000000a0000000,0x00000000a4eeba28,0x00000000a7300000)
 Metaspace       used 101579K, capacity 106402K, committed 106840K, reserved 1142784K
  class space    used 12562K, capacity 13499K, committed 13696K, reserved 1048576K
Event: 4352.797 GC heap after
Heap after GC invocations=45 (full 4):
 PSYoungGen      total 303616K, used 83989K [0x00000000e0000000, 0x00000000fb700000, 0x0000000100000000)
  eden space 209920K, 0% used [0x00000000e0000000,0x00000000e0000000,0x00000000ecd00000)
  from space 93696K, 89% used [0x00000000ecd00000,0x00000000f1f05770,0x00000000f2880000)
  to   space 105984K, 0% used [0x00000000f4f80000,0x00000000f4f80000,0x00000000fb700000)
 ParOldGen       total 117760K, used 80822K [0x00000000a0000000, 0x00000000a7300000, 0x00000000e0000000)
  object space 117760K, 68% used [0x00000000a0000000,0x00000000a4eeda28,0x00000000a7300000)
 Metaspace       used 101579K, capacity 106402K, committed 106840K, reserved 1142784K
  class space    used 12562K, capacity 13499K, committed 13696K, reserved 1048576K
}
Event: 4360.872 GC heap before
{Heap before GC invocations=46 (full 4):
 PSYoungGen      total 303616K, used 293909K [0x00000000e0000000, 0x00000000fb700000, 0x0000000100000000)
  eden space 209920K, 100% used [0x00000000e0000000,0x00000000ecd00000,0x00000000ecd00000)
  from space 93696K, 89% used [0x00000000ecd00000,0x00000000f1f05770,0x00000000f2880000)
  to   space 105984K, 0% used [0x00000000f4f80000,0x00000000f4f80000,0x00000000fb700000)
 ParOldGen       total 117760K, used 80822K [0x00000000a0000000, 0x00000000a7300000, 0x00000000e0000000)
  object space 117760K, 68% used [0x00000000a0000000,0x00000000a4eeda28,0x00000000a7300000)
 Metaspace       used 101918K, capacity 106896K, committed 107096K, reserved 1142784K
  class space    used 12590K, capacity 13558K, committed 13696K, reserved 1048576K
Event: 4361.298 GC heap after
Heap after GC invocations=46 (full 4):
 PSYoungGen      total 332288K, used 88003K [0x00000000e0000000, 0x00000000fcd80000, 0x0000000100000000)
  eden space 226304K, 0% used [0x00000000e0000000,0x00000000e0000000,0x00000000edd00000)
  from space 105984K, 83% used [0x00000000f4f80000,0x00000000fa570fd8,0x00000000fb700000)
  to   space 117248K, 0% used [0x00000000edd00000,0x00000000edd00000,0x00000000f4f80000)
 ParOldGen       total 117760K, used 80830K [0x00000000a0000000, 0x00000000a7300000, 0x00000000e0000000)
  object space 117760K, 68% used [0x00000000a0000000,0x00000000a4eefa28,0x00000000a7300000)
 Metaspace       used 101918K, capacity 106896K, committed 107096K, reserved 1142784K
  class space    used 12590K, capacity 13558K, committed 13696K, reserved 1048576K
}
Event: 4511.253 GC heap before
{Heap before GC invocations=47 (full 4):
 PSYoungGen      total 332288K, used 314307K [0x00000000e0000000, 0x00000000fcd80000, 0x0000000100000000)
  eden space 226304K, 100% used [0x00000000e0000000,0x00000000edd00000,0x00000000edd00000)
  from space 105984K, 83% used [0x00000000f4f80000,0x00000000fa570fd8,0x00000000fb700000)
  to   space 117248K, 0% used [0x00000000edd00000,0x00000000edd00000,0x00000000f4f80000)
 ParOldGen       total 117760K, used 80830K [0x00000000a0000000, 0x00000000a7300000, 0x00000000e0000000)
  object space 117760K, 68% used [0x00000000a0000000,0x00000000a4eefa28,0x00000000a7300000)
 Metaspace       used 102500K, capacity 107608K, committed 107992K, reserved 1142784K
  class space    used 12654K, capacity 13682K, committed 13824K, reserved 1048576K
Event: 4511.493 GC heap after
Heap after GC invocations=47 (full 4):
 PSYoungGen      total 343552K, used 84177K [0x00000000e0000000, 0x00000000feb80000, 0x0000000100000000)
  eden space 226304K, 0% used [0x00000000e0000000,0x00000000e0000000,0x00000000edd00000)
  from space 117248K, 71% used [0x00000000edd00000,0x00000000f2f34750,0x00000000f4f80000)
  to   space 124928K, 0% used [0x00000000f7180000,0x00000000f7180000,0x00000000feb80000)
 ParOldGen       total 117760K, used 80838K [0x00000000a0000000, 0x00000000a7300000, 0x00000000e0000000)
  object space 117760K, 68% used [0x00000000a0000000,0x00000000a4ef1a28,0x00000000a7300000)
 Metaspace       used 102500K, capacity 107608K, committed 107992K, reserved 1142784K
  class space    used 12654K, capacity 13682K, committed 13824K, reserved 1048576K
}

